This is pdfTeX, Version 3.14159265-2.6-1.40.19 (MiKTeX 2.9.6840 64-bit) (preloaded format=pdflatex 2018.11.7)  8 NOV 2018 08:01
entering extended mode
**./document.tex
(document.tex
LaTeX2e <2018-04-01> patch level 5
("C:\Program Files\MiKTeX 2.9\tex\latex\base\article.cls"
Document Class: article 2014/09/29 v1.4h Standard LaTeX document class
("C:\Program Files\MiKTeX 2.9\tex\latex\base\size10.clo"
File: size10.clo 2014/09/29 v1.4h Standard LaTeX file (size option)
)
\c@part=\count80
\c@section=\count81
\c@subsection=\count82
\c@subsubsection=\count83
\c@paragraph=\count84
\c@subparagraph=\count85
\c@figure=\count86
\c@table=\count87
\abovecaptionskip=\skip41
\belowcaptionskip=\skip42
\bibindent=\dimen102
)
("C:\Program Files\MiKTeX 2.9\tex\latex\graphics\graphicx.sty"
Package: graphicx 2017/06/01 v1.1a Enhanced LaTeX Graphics (DPC,SPQR)

("C:\Program Files\MiKTeX 2.9\tex\latex\graphics\keyval.sty"
Package: keyval 2014/10/28 v1.15 key=value parser (DPC)
\KV@toks@=\toks14
)
("C:\Program Files\MiKTeX 2.9\tex\latex\graphics\graphics.sty"
Package: graphics 2017/06/25 v1.2c Standard LaTeX Graphics (DPC,SPQR)

("C:\Program Files\MiKTeX 2.9\tex\latex\graphics\trig.sty"
Package: trig 2016/01/03 v1.10 sin cos tan (DPC)
)
("C:\Program Files\MiKTeX 2.9\tex\latex\graphics-cfg\graphics.cfg"
File: graphics.cfg 2016/06/04 v1.11 sample graphics configuration
)
Package graphics Info: Driver file: pdftex.def on input line 99.

("C:\Program Files\MiKTeX 2.9\tex\latex\graphics-def\pdftex.def"
File: pdftex.def 2018/01/08 v1.0l Graphics/color driver for pdftex
))
\Gin@req@height=\dimen103
\Gin@req@width=\dimen104
)
("C:\Program Files\MiKTeX 2.9\tex\latex\caption\subcaption.sty"
Package: subcaption 2018/05/01 v1.1-162 Sub-captions (AR)

("C:\Program Files\MiKTeX 2.9\tex\latex\caption\caption.sty"
Package: caption 2018/10/06 v3.3-154 Customizing captions (AR)

("C:\Program Files\MiKTeX 2.9\tex\latex\caption\caption3.sty"
Package: caption3 2018/09/12 v1.8c caption3 kernel (AR)
Package caption3 Info: TeX engine: e-TeX on input line 64.
\captionmargin=\dimen105
\captionmargin@=\dimen106
\captionwidth=\dimen107
\caption@tempdima=\dimen108
\caption@indent=\dimen109
\caption@parindent=\dimen110
\caption@hangindent=\dimen111
)
\c@caption@flags=\count88
\c@ContinuedFloat=\count89
)
\c@subfigure=\count90
\c@subtable=\count91
)
("C:\Program Files\MiKTeX 2.9\tex\latex\float\float.sty"
Package: float 2001/11/08 v1.3d Float enhancements (AL)
\c@float@type=\count92
\float@exts=\toks15
\float@box=\box26
\@float@everytoks=\toks16
\@floatcapt=\box27
) (document.aux)
\openout1 = `document.aux'.

LaTeX Font Info:    Checking defaults for OML/cmm/m/it on input line 10.
LaTeX Font Info:    ... okay on input line 10.
LaTeX Font Info:    Checking defaults for T1/cmr/m/n on input line 10.
LaTeX Font Info:    ... okay on input line 10.
LaTeX Font Info:    Checking defaults for OT1/cmr/m/n on input line 10.
LaTeX Font Info:    ... okay on input line 10.
LaTeX Font Info:    Checking defaults for OMS/cmsy/m/n on input line 10.
LaTeX Font Info:    ... okay on input line 10.
LaTeX Font Info:    Checking defaults for OMX/cmex/m/n on input line 10.
LaTeX Font Info:    ... okay on input line 10.
LaTeX Font Info:    Checking defaults for U/cmr/m/n on input line 10.
LaTeX Font Info:    ... okay on input line 10.

("C:\Program Files\MiKTeX 2.9\tex\context\base\supp-pdf.mkii"
[Loading MPS to PDF converter (version 2006.09.02).]
\scratchcounter=\count93
\scratchdimen=\dimen112
\scratchbox=\box28
\nofMPsegments=\count94
\nofMParguments=\count95
\everyMPshowfont=\toks17
\MPscratchCnt=\count96
\MPscratchDim=\dimen113
\MPnumerator=\count97
\makeMPintoPDFobject=\count98
\everyMPtoPDFconversion=\toks18
) ("C:\Program Files\MiKTeX 2.9\tex\latex\oberdiek\epstopdf-base.sty"
Package: epstopdf-base 2016/05/15 v2.6 Base part for package epstopdf

("C:\Program Files\MiKTeX 2.9\tex\generic\oberdiek\infwarerr.sty"
Package: infwarerr 2016/05/16 v1.4 Providing info/warning/error messages (HO)
)
("C:\Program Files\MiKTeX 2.9\tex\latex\oberdiek\grfext.sty"
Package: grfext 2016/05/16 v1.2 Manage graphics extensions (HO)

("C:\Program Files\MiKTeX 2.9\tex\generic\oberdiek\kvdefinekeys.sty"
Package: kvdefinekeys 2016/05/16 v1.4 Define keys (HO)

("C:\Program Files\MiKTeX 2.9\tex\generic\oberdiek\ltxcmds.sty"
Package: ltxcmds 2016/05/16 v1.23 LaTeX kernel commands for general use (HO)
)))
("C:\Program Files\MiKTeX 2.9\tex\latex\oberdiek\kvoptions.sty"
Package: kvoptions 2016/05/16 v3.12 Key value format for package options (HO)

("C:\Program Files\MiKTeX 2.9\tex\generic\oberdiek\kvsetkeys.sty"
Package: kvsetkeys 2016/05/16 v1.17 Key value parser (HO)

("C:\Program Files\MiKTeX 2.9\tex\generic\oberdiek\etexcmds.sty"
Package: etexcmds 2016/05/16 v1.6 Avoid name clashes with e-TeX commands (HO)

("C:\Program Files\MiKTeX 2.9\tex\generic\oberdiek\ifluatex.sty"
Package: ifluatex 2016/05/16 v1.4 Provides the ifluatex switch (HO)
Package ifluatex Info: LuaTeX not detected.
)
Package etexcmds Info: Could not find \expanded.
(etexcmds)             That can mean that you are not using pdfTeX 1.50 or
(etexcmds)             that some package has redefined \expanded.
(etexcmds)             In the latter case, load this package earlier.
)))
("C:\Program Files\MiKTeX 2.9\tex\generic\oberdiek\pdftexcmds.sty"
Package: pdftexcmds 2018/09/10 v0.29 Utility functions of pdfTeX for LuaTeX (HO
)

("C:\Program Files\MiKTeX 2.9\tex\generic\oberdiek\ifpdf.sty"
Package: ifpdf 2018/09/07 v3.3 Provides the ifpdf switch
)
Package pdftexcmds Info: LuaTeX not detected.
Package pdftexcmds Info: \pdf@primitive is available.
Package pdftexcmds Info: \pdf@ifprimitive is available.
Package pdftexcmds Info: \pdfdraftmode found.
)
Package epstopdf-base Info: Redefining graphics rule for `.eps' on input line 4
38.
Package grfext Info: Graphics extension search list:
(grfext)             [.pdf,.png,.jpg,.mps,.jpeg,.jbig2,.jb2,.PDF,.PNG,.JPG,.JPE
G,.JBIG2,.JB2,.eps]
(grfext)             \AppendGraphicsExtensions on input line 456.
)
Package caption Info: Begin \AtBeginDocument code.
Package caption Info: float package is loaded.
Package caption Info: End \AtBeginDocument code.
<figures/TitleImage.png, id=1, 283.0575pt x 142.6128pt>
File: figures/TitleImage.png Graphic file (type png)
<use figures/TitleImage.png>
Package pdftex.def Info: figures/TitleImage.png  used on input line 22.
(pdftex.def)             Requested size: 361.34999pt x 182.07368pt.

Overfull \hbox (16.34999pt too wide) in paragraph at lines 22--23
 [][] 
 []

[1

{C:/Users/ovdessel/AppData/Local/MiKTeX/2.9/pdftex/config/pdftex.map} <./figure
s/TitleImage.png>]
<figures/atlas_sub.png, id=9, 476.78125pt x 270.00874pt>
File: figures/atlas_sub.png Graphic file (type png)
<use figures/atlas_sub.png>
Package pdftex.def Info: figures/atlas_sub.png  used on input line 38.
(pdftex.def)             Requested size: 276.00105pt x 156.31265pt.
 [1 <./figures/atlas_sub.png>] [2] [3]
<figures/packaged.png, id=22, 401.0985pt x 330.63525pt>
File: figures/packaged.png Graphic file (type png)
<use figures/packaged.png>
Package pdftex.def Info: figures/packaged.png  used on input line 72.
(pdftex.def)             Requested size: 276.00105pt x 227.51297pt.
 [4 <./figures/packaged.png>]
<figures/Labeled_ISO.png, id=27, 776.30025pt x 430.0065pt>
File: figures/Labeled_ISO.png Graphic file (type png)
<use figures/Labeled_ISO.png>
Package pdftex.def Info: figures/Labeled_ISO.png  used on input line 84.
(pdftex.def)             Requested size: 241.49895pt x 133.7665pt.
<figures/Labeled_BOT.png, id=28, 763.653pt x 433.01775pt>
File: figures/Labeled_BOT.png Graphic file (type png)
<use figures/Labeled_BOT.png>
Package pdftex.def Info: figures/Labeled_BOT.png  used on input line 88.
(pdftex.def)             Requested size: 241.49895pt x 136.9365pt.
<figures/tether_plane_changes.png, id=29, 557.08125pt x 378.81525pt>
File: figures/tether_plane_changes.png Graphic file (type png)
<use figures/tether_plane_changes.png>
Package pdftex.def Info: figures/tether_plane_changes.png  used on input line 1
00.
(pdftex.def)             Requested size: 345.0pt x 234.6029pt.

Overfull \hbox (57.86185pt too wide) in paragraph at lines 101--101
[]\OT1/cmr/m/n/10 Figure 4: |Thruster ma-neu-vers (source: http://www.tethers.c
om/papers/TethersInSpace.pdf)| 
 []

[5 <./figures/Labeled_ISO.png> <./figures/Labeled_BOT.png>]
<figures/tether_thruster.png, id=36, 302.3295pt x 278.2395pt>
File: figures/tether_thruster.png Graphic file (type png)
<use figures/tether_thruster.png>
Package pdftex.def Info: figures/tether_thruster.png  used on input line 106.
(pdftex.def)             Requested size: 276.00105pt x 254.02197pt.
 [6 <./figures/tether_plane_changes.png>]
LaTeX Font Info:    External font `cmex10' loaded for size
(Font)              <7> on input line 117.
LaTeX Font Info:    External font `cmex10' loaded for size
(Font)              <5> on input line 117.
 [7 <./figures/tether_thruster.png>]
<figures/cell_coverage.jpg, id=46, 752.8125pt x 582.175pt>
File: figures/cell_coverage.jpg Graphic file (type jpg)
<use figures/cell_coverage.jpg>
Package pdftex.def Info: figures/cell_coverage.jpg  used on input line 134.
(pdftex.def)             Requested size: 137.9979pt x 106.71465pt.
<figures/350km_coverage.png, id=47, 779.91376pt x 411.33675pt>
File: figures/350km_coverage.png Graphic file (type png)
<use figures/350km_coverage.png>
Package pdftex.def Info: figures/350km_coverage.png  used on input line 138.
(pdftex.def)             Requested size: 189.75105pt x 100.07228pt.
<figures/data_flow.png, id=48, 654.445pt x 219.82124pt>
File: figures/data_flow.png Graphic file (type png)
<use figures/data_flow.png>
Package pdftex.def Info: figures/data_flow.png  used on input line 150.
(pdftex.def)             Requested size: 345.0pt x 115.88081pt.
 [8 <./figures/cell_coverage.jpg> <./figures/350km_coverage.png>] [9 <./figures
/data_flow.png>]
<figures/streets_of_coverage.png, id=57, 497.60907pt x 297.36093pt>
File: figures/streets_of_coverage.png Graphic file (type png)
<use figures/streets_of_coverage.png>
Package pdftex.def Info: figures/streets_of_coverage.png  used on input line 17
2.
(pdftex.def)             Requested size: 224.2479pt x 134.00629pt.

Overfull \hbox (8.52727pt too wide) in paragraph at lines 169--175
\OT1/cmr/m/n/10 The AT-LAS con-stel-la-tion is a type of con-stel-la-tion known
 as \Streets-of-Coverage"
 []

[10 <./figures/streets_of_coverage.png>]
<figures/masking.png, id=62, 349.0641pt x 169.8345pt>
File: figures/masking.png Graphic file (type png)
<use figures/masking.png>
Package pdftex.def Info: figures/masking.png  used on input line 183.
(pdftex.def)             Requested size: 172.5pt x 83.9271pt.
File: figures/350km_coverage.png Graphic file (type png)
<use figures/350km_coverage.png>
Package pdftex.def Info: figures/350km_coverage.png  used on input line 191.
(pdftex.def)             Requested size: 345.0pt x 181.9553pt.
<figures/500km_coverage.png, id=63, 916.6245pt x 465.53925pt>
File: figures/500km_coverage.png Graphic file (type png)
<use figures/500km_coverage.png>
Package pdftex.def Info: figures/500km_coverage.png  used on input line 196.
(pdftex.def)             Requested size: 345.0pt x 175.2232pt.
<figures/800km_coverage.png, id=64, 923.8515pt x 495.0495pt>
File: figures/800km_coverage.png Graphic file (type png)
<use figures/800km_coverage.png>
Package pdftex.def Info: figures/800km_coverage.png  used on input line 201.
(pdftex.def)             Requested size: 345.0pt x 184.86505pt.
 [11 <./figures/masking.png>] [12 <./figures/500km_coverage.png> <./figures/800
km_coverage.png>]
<figures/TDOA_Geometry.png, id=75, 321.2pt x 321.2pt>
File: figures/TDOA_Geometry.png Graphic file (type png)
<use figures/TDOA_Geometry.png>
Package pdftex.def Info: figures/TDOA_Geometry.png  used on input line 212.
(pdftex.def)             Requested size: 224.2479pt x 224.25523pt.

Underfull \hbox (badness 10000) in paragraph at lines 213--213
[]\OT1/cmr/m/n/10 Figure 13: |TDOA wave-front tim-ing ex-am-ple (source:
 []

[13 <./figures/TDOA_Geometry.png>]
<figures/graphs/350_12_20000_100.png, id=80, 462.528pt x 346.896pt>
File: figures/graphs/350_12_20000_100.png Graphic file (type png)
<use figures/graphs/350_12_20000_100.png>
Package pdftex.def Info: figures/graphs/350_12_20000_100.png  used on input lin
e 226.
(pdftex.def)             Requested size: 258.75pt x 194.06987pt.
<figures/graphs/350_6_20000_100.png, id=81, 462.528pt x 346.896pt>
File: figures/graphs/350_6_20000_100.png Graphic file (type png)
<use figures/graphs/350_6_20000_100.png>
Package pdftex.def Info: figures/graphs/350_6_20000_100.png  used on input line
 235.
(pdftex.def)             Requested size: 169.0519pt x 126.78801pt.
<figures/graphs/350_24_20000_100.png, id=82, 462.528pt x 346.896pt>
File: figures/graphs/350_24_20000_100.png Graphic file (type png)
<use figures/graphs/350_24_20000_100.png>
Package pdftex.def Info: figures/graphs/350_24_20000_100.png  used on input lin
e 238.
(pdftex.def)             Requested size: 169.0519pt x 126.78801pt.
<figures/graphs/500_12_20000_100.png, id=83, 462.528pt x 346.896pt>
File: figures/graphs/500_12_20000_100.png Graphic file (type png)
<use figures/graphs/500_12_20000_100.png>
Package pdftex.def Info: figures/graphs/500_12_20000_100.png  used on input lin
e 247.
(pdftex.def)             Requested size: 169.0519pt x 126.78801pt.
<figures/graphs/800_12_20000_100.png, id=84, 462.528pt x 346.896pt>
File: figures/graphs/800_12_20000_100.png Graphic file (type png)
<use figures/graphs/800_12_20000_100.png>
Package pdftex.def Info: figures/graphs/800_12_20000_100.png  used on input lin
e 250.
(pdftex.def)             Requested size: 169.0519pt x 126.78801pt.
 [14 <./figures/graphs/350_12_20000_100.png> <./figures/graphs/350_6_20000_100.
png> <./figures/graphs/350_24_20000_100.png>]
<figures/graphs/350_12_10000_100.png, id=91, 462.528pt x 346.896pt>
File: figures/graphs/350_12_10000_100.png Graphic file (type png)
<use figures/graphs/350_12_10000_100.png>
Package pdftex.def Info: figures/graphs/350_12_10000_100.png  used on input lin
e 259.
(pdftex.def)             Requested size: 169.0519pt x 126.78801pt.
<figures/graphs/350_12_15151_100.png, id=92, 462.528pt x 346.896pt>
File: figures/graphs/350_12_15151_100.png Graphic file (type png)
<use figures/graphs/350_12_15151_100.png>
Package pdftex.def Info: figures/graphs/350_12_15151_100.png  used on input lin
e 262.
(pdftex.def)             Requested size: 169.0519pt x 126.78801pt.
File: figures/graphs/800_12_20000_100.png Graphic file (type png)
<use figures/graphs/800_12_20000_100.png>
Package pdftex.def Info: figures/graphs/800_12_20000_100.png  used on input lin
e 271.
(pdftex.def)             Requested size: 169.0519pt x 126.78801pt.
<figures/graphs/800_12_20000_1000.png, id=93, 462.528pt x 346.896pt>
File: figures/graphs/800_12_20000_1000.png Graphic file (type png)
<use figures/graphs/800_12_20000_1000.png>
Package pdftex.def Info: figures/graphs/800_12_20000_1000.png  used on input li
ne 274.
(pdftex.def)             Requested size: 169.0519pt x 126.78801pt.
[15 <./figures/graphs/500_12_20000_100.png> <./figures/graphs/800_12_20000_100.
png> <./figures/graphs/350_12_10000_100.png> <./figures/graphs/350_12_15151_100
.png> <./figures/graphs/800_12_20000_1000.png>] [16] (document.aux) ) 
Here is how much of TeX's memory you used:
 2764 strings out of 492970
 45487 string characters out of 3135846
 108526 words of memory out of 3000000
 6617 multiletter control sequences out of 15000+200000
 5457 words of font info for 20 fonts, out of 3000000 for 9000
 1141 hyphenation exceptions out of 8191
 42i,13n,40p,1470b,443s stack positions out of 5000i,500n,10000p,200000b,50000s
<C:/Progra
m Files/MiKTeX 2.9/fonts/type1/public/amsfonts/cm/cmbx10.pfb><C:/Program Files/
MiKTeX 2.9/fonts/type1/public/amsfonts/cm/cmbx12.pfb><C:/Program Files/MiKTeX 2
.9/fonts/type1/public/amsfonts/cm/cmr10.pfb><C:/Program Files/MiKTeX 2.9/fonts/
type1/public/amsfonts/cm/cmr9.pfb>
Output written on document.pdf (17 pages, 8500374 bytes).
PDF statistics:
 119 PDF objects out of 1000 (max. 8388607)
 0 named destinations out of 1000 (max. 500000)
 116 words of extra memory for PDF output out of 10000 (max. 10000000)

